<?xml version="1.0" encoding="UTF-8"?>
<robot generator="Robot 3.0 (Python 3.5.2 on win32)" generated="20161102 13:49:07.704">
<suite source="C:\Users\travis.layne\Desktop\Robot\QuickStartGuide-master\QuickStart.rst" name="QuickStart" id="s1">
<kw name="Clear login database" type="setup">
<kw library="OperatingSystem" name="Remove File">
<doc>Removes a file with the given path.</doc>
<arguments>
<arg>${DATABASE FILE}</arg>
</arguments>
<msg level="INFO" timestamp="20161102 13:49:07.782" html="yes">Removed file '&lt;a href="file://C:\Users\TRAVIS~1.LAY\AppData\Local\Temp\robotframework-quickstart-db.txt"&gt;C:\Users\TRAVIS~1.LAY\AppData\Local\Temp\robotframework-quickstart-db.txt&lt;/a&gt;'.</msg>
<status status="PASS" starttime="20161102 13:49:07.781" endtime="20161102 13:49:07.783"></status>
</kw>
<status status="PASS" starttime="20161102 13:49:07.781" endtime="20161102 13:49:07.783"></status>
</kw>
<test name="User can create an account and log in" id="s1-t1">
<kw name="Create valid user">
<arguments>
<arg>fred</arg>
<arg>P4ssw0rd</arg>
</arguments>
<kw library="LoginLibrary" name="Create User">
<arguments>
<arg>${username}</arg>
<arg>${password}</arg>
</arguments>
<status status="PASS" starttime="20161102 13:49:07.785" endtime="20161102 13:49:07.993"></status>
</kw>
<kw library="LoginLibrary" name="Status Should Be">
<arguments>
<arg>SUCCESS</arg>
</arguments>
<msg level="FAIL" timestamp="20161102 13:49:07.996">Expected status to be 'SUCCESS' but was 'C:\Users\TRAVIS~1.LAY\AppData\Local\Temp\robotframework-quickstart-db.txt
SUCCESS'.</msg>
<status status="FAIL" starttime="20161102 13:49:07.993" endtime="20161102 13:49:07.996"></status>
</kw>
<status status="FAIL" starttime="20161102 13:49:07.784" endtime="20161102 13:49:07.996"></status>
</kw>
<kw name="Clear login database" type="teardown">
<kw library="OperatingSystem" name="Remove File">
<doc>Removes a file with the given path.</doc>
<arguments>
<arg>${DATABASE FILE}</arg>
</arguments>
<msg level="INFO" timestamp="20161102 13:49:07.999" html="yes">Removed file '&lt;a href="file://C:\Users\TRAVIS~1.LAY\AppData\Local\Temp\robotframework-quickstart-db.txt"&gt;C:\Users\TRAVIS~1.LAY\AppData\Local\Temp\robotframework-quickstart-db.txt&lt;/a&gt;'.</msg>
<status status="PASS" starttime="20161102 13:49:07.997" endtime="20161102 13:49:07.999"></status>
</kw>
<status status="PASS" starttime="20161102 13:49:07.997" endtime="20161102 13:49:07.999"></status>
</kw>
<tags>
<tag>example</tag>
<tag>quickstart</tag>
<tag>smoke</tag>
</tags>
<status critical="yes" status="FAIL" starttime="20161102 13:49:07.783" endtime="20161102 13:49:07.999">Expected status to be 'SUCCESS' but was 'C:\Users\TRAVIS~1.LAY\AppData\Local\Temp\robotframework-quickstart-db.txt
SUCCESS'.</status>
</test>
<test name="User cannot log in with bad password" id="s1-t2">
<kw name="Create valid user">
<arguments>
<arg>betty</arg>
<arg>P4ssw0rd</arg>
</arguments>
<kw library="LoginLibrary" name="Create User">
<arguments>
<arg>${username}</arg>
<arg>${password}</arg>
</arguments>
<status status="PASS" starttime="20161102 13:49:08.003" endtime="20161102 13:49:08.189"></status>
</kw>
<kw library="LoginLibrary" name="Status Should Be">
<arguments>
<arg>SUCCESS</arg>
</arguments>
<msg level="FAIL" timestamp="20161102 13:49:08.190">Expected status to be 'SUCCESS' but was 'C:\Users\TRAVIS~1.LAY\AppData\Local\Temp\robotframework-quickstart-db.txt
SUCCESS'.</msg>
<status status="FAIL" starttime="20161102 13:49:08.189" endtime="20161102 13:49:08.190"></status>
</kw>
<status status="FAIL" starttime="20161102 13:49:08.003" endtime="20161102 13:49:08.190"></status>
</kw>
<kw name="Clear login database" type="teardown">
<kw library="OperatingSystem" name="Remove File">
<doc>Removes a file with the given path.</doc>
<arguments>
<arg>${DATABASE FILE}</arg>
</arguments>
<msg level="INFO" timestamp="20161102 13:49:08.193" html="yes">Removed file '&lt;a href="file://C:\Users\TRAVIS~1.LAY\AppData\Local\Temp\robotframework-quickstart-db.txt"&gt;C:\Users\TRAVIS~1.LAY\AppData\Local\Temp\robotframework-quickstart-db.txt&lt;/a&gt;'.</msg>
<status status="PASS" starttime="20161102 13:49:08.192" endtime="20161102 13:49:08.193"></status>
</kw>
<status status="PASS" starttime="20161102 13:49:08.191" endtime="20161102 13:49:08.193"></status>
</kw>
<tags>
<tag>example</tag>
<tag>quickstart</tag>
<tag>smoke</tag>
</tags>
<status critical="yes" status="FAIL" starttime="20161102 13:49:08.002" endtime="20161102 13:49:08.193">Expected status to be 'SUCCESS' but was 'C:\Users\TRAVIS~1.LAY\AppData\Local\Temp\robotframework-quickstart-db.txt
SUCCESS'.</status>
</test>
<test name="User can change password" id="s1-t3">
<kw name="Given a user has a valid account">
<kw name="Create valid user">
<arguments>
<arg>${USERNAME}</arg>
<arg>${PASSWORD}</arg>
</arguments>
<kw library="LoginLibrary" name="Create User">
<arguments>
<arg>${username}</arg>
<arg>${password}</arg>
</arguments>
<status status="PASS" starttime="20161102 13:49:08.197" endtime="20161102 13:49:08.354"></status>
</kw>
<kw library="LoginLibrary" name="Status Should Be">
<arguments>
<arg>SUCCESS</arg>
</arguments>
<msg level="FAIL" timestamp="20161102 13:49:08.356">Expected status to be 'SUCCESS' but was 'C:\Users\TRAVIS~1.LAY\AppData\Local\Temp\robotframework-quickstart-db.txt
SUCCESS'.</msg>
<status status="FAIL" starttime="20161102 13:49:08.355" endtime="20161102 13:49:08.356"></status>
</kw>
<status status="FAIL" starttime="20161102 13:49:08.197" endtime="20161102 13:49:08.356"></status>
</kw>
<status status="FAIL" starttime="20161102 13:49:08.196" endtime="20161102 13:49:08.356"></status>
</kw>
<kw name="Clear login database" type="teardown">
<kw library="OperatingSystem" name="Remove File">
<doc>Removes a file with the given path.</doc>
<arguments>
<arg>${DATABASE FILE}</arg>
</arguments>
<msg level="INFO" timestamp="20161102 13:49:08.359" html="yes">Removed file '&lt;a href="file://C:\Users\TRAVIS~1.LAY\AppData\Local\Temp\robotframework-quickstart-db.txt"&gt;C:\Users\TRAVIS~1.LAY\AppData\Local\Temp\robotframework-quickstart-db.txt&lt;/a&gt;'.</msg>
<status status="PASS" starttime="20161102 13:49:08.358" endtime="20161102 13:49:08.359"></status>
</kw>
<status status="PASS" starttime="20161102 13:49:08.357" endtime="20161102 13:49:08.360"></status>
</kw>
<tags>
<tag>example</tag>
<tag>quickstart</tag>
<tag>smoke</tag>
</tags>
<status critical="yes" status="FAIL" starttime="20161102 13:49:08.195" endtime="20161102 13:49:08.360">Expected status to be 'SUCCESS' but was 'C:\Users\TRAVIS~1.LAY\AppData\Local\Temp\robotframework-quickstart-db.txt
SUCCESS'.</status>
</test>
<test name="Invalid password" id="s1-t4">
<kw name="Creating user with invalid password should fail">
<arguments>
<arg>abCD5</arg>
<arg>${PWD INVALID LENGTH}</arg>
</arguments>
<kw library="LoginLibrary" name="Create User">
<arguments>
<arg>example</arg>
<arg>${password}</arg>
</arguments>
<status status="PASS" starttime="20161102 13:49:08.363" endtime="20161102 13:49:08.522"></status>
</kw>
<kw library="LoginLibrary" name="Status Should Be">
<arguments>
<arg>Creating user failed: ${error}</arg>
</arguments>
<msg level="FAIL" timestamp="20161102 13:49:08.523">Expected status to be 'Creating user failed: Password must be 7-12 characters long' but was 'C:\Users\TRAVIS~1.LAY\AppData\Local\Temp\robotframework-quickstart-db.txt
Creating user failed: Password must be 7-12 characters long'.</msg>
<status status="FAIL" starttime="20161102 13:49:08.522" endtime="20161102 13:49:08.523"></status>
</kw>
<status status="FAIL" starttime="20161102 13:49:08.363" endtime="20161102 13:49:08.523"></status>
</kw>
<kw name="Creating user with invalid password should fail">
<arguments>
<arg>abCD567890123</arg>
<arg>${PWD INVALID LENGTH}</arg>
</arguments>
<kw library="LoginLibrary" name="Create User">
<arguments>
<arg>example</arg>
<arg>${password}</arg>
</arguments>
<status status="PASS" starttime="20161102 13:49:08.524" endtime="20161102 13:49:08.681"></status>
</kw>
<kw library="LoginLibrary" name="Status Should Be">
<arguments>
<arg>Creating user failed: ${error}</arg>
</arguments>
<msg level="FAIL" timestamp="20161102 13:49:08.682">Expected status to be 'Creating user failed: Password must be 7-12 characters long' but was 'C:\Users\TRAVIS~1.LAY\AppData\Local\Temp\robotframework-quickstart-db.txt
Creating user failed: Password must be 7-12 characters long'.</msg>
<status status="FAIL" starttime="20161102 13:49:08.681" endtime="20161102 13:49:08.683"></status>
</kw>
<status status="FAIL" starttime="20161102 13:49:08.524" endtime="20161102 13:49:08.683"></status>
</kw>
<kw name="Creating user with invalid password should fail">
<arguments>
<arg>123DEFG</arg>
<arg>${PWD INVALID CONTENT}</arg>
</arguments>
<kw library="LoginLibrary" name="Create User">
<arguments>
<arg>example</arg>
<arg>${password}</arg>
</arguments>
<status status="PASS" starttime="20161102 13:49:08.684" endtime="20161102 13:49:08.877"></status>
</kw>
<kw library="LoginLibrary" name="Status Should Be">
<arguments>
<arg>Creating user failed: ${error}</arg>
</arguments>
<msg level="FAIL" timestamp="20161102 13:49:08.878">Expected status to be 'Creating user failed: Password must be a combination of lowercase and uppercase letters and numbers' but was 'C:\Users\TRAVIS~1.LAY\AppData\Local\Temp\robotframework-quickstart-db.txt
Creating user failed: Password must be a combination of lowercase and uppercase letters and numbers'.</msg>
<status status="FAIL" starttime="20161102 13:49:08.877" endtime="20161102 13:49:08.879"></status>
</kw>
<status status="FAIL" starttime="20161102 13:49:08.683" endtime="20161102 13:49:08.879"></status>
</kw>
<kw name="Creating user with invalid password should fail">
<arguments>
<arg>abcd56789</arg>
<arg>${PWD INVALID CONTENT}</arg>
</arguments>
<kw library="LoginLibrary" name="Create User">
<arguments>
<arg>example</arg>
<arg>${password}</arg>
</arguments>
<status status="PASS" starttime="20161102 13:49:08.880" endtime="20161102 13:49:09.023"></status>
</kw>
<kw library="LoginLibrary" name="Status Should Be">
<arguments>
<arg>Creating user failed: ${error}</arg>
</arguments>
<msg level="FAIL" timestamp="20161102 13:49:09.024">Expected status to be 'Creating user failed: Password must be a combination of lowercase and uppercase letters and numbers' but was 'C:\Users\TRAVIS~1.LAY\AppData\Local\Temp\robotframework-quickstart-db.txt
Creating user failed: Password must be a combination of lowercase and uppercase letters and numbers'.</msg>
<status status="FAIL" starttime="20161102 13:49:09.023" endtime="20161102 13:49:09.025"></status>
</kw>
<status status="FAIL" starttime="20161102 13:49:08.879" endtime="20161102 13:49:09.025"></status>
</kw>
<kw name="Creating user with invalid password should fail">
<arguments>
<arg>AbCdEfGh</arg>
<arg>${PWD INVALID CONTENT}</arg>
</arguments>
<kw library="LoginLibrary" name="Create User">
<arguments>
<arg>example</arg>
<arg>${password}</arg>
</arguments>
<status status="PASS" starttime="20161102 13:49:09.026" endtime="20161102 13:49:09.166"></status>
</kw>
<kw library="LoginLibrary" name="Status Should Be">
<arguments>
<arg>Creating user failed: ${error}</arg>
</arguments>
<msg level="FAIL" timestamp="20161102 13:49:09.167">Expected status to be 'Creating user failed: Password must be a combination of lowercase and uppercase letters and numbers' but was 'C:\Users\TRAVIS~1.LAY\AppData\Local\Temp\robotframework-quickstart-db.txt
Creating user failed: Password must be a combination of lowercase and uppercase letters and numbers'.</msg>
<status status="FAIL" starttime="20161102 13:49:09.166" endtime="20161102 13:49:09.167"></status>
</kw>
<status status="FAIL" starttime="20161102 13:49:09.025" endtime="20161102 13:49:09.167"></status>
</kw>
<kw name="Creating user with invalid password should fail">
<arguments>
<arg>abCD56+</arg>
<arg>${PWD INVALID CONTENT}</arg>
</arguments>
<kw library="LoginLibrary" name="Create User">
<arguments>
<arg>example</arg>
<arg>${password}</arg>
</arguments>
<status status="PASS" starttime="20161102 13:49:09.168" endtime="20161102 13:49:09.318"></status>
</kw>
<kw library="LoginLibrary" name="Status Should Be">
<arguments>
<arg>Creating user failed: ${error}</arg>
</arguments>
<msg level="FAIL" timestamp="20161102 13:49:09.319">Expected status to be 'Creating user failed: Password must be a combination of lowercase and uppercase letters and numbers' but was 'C:\Users\TRAVIS~1.LAY\AppData\Local\Temp\robotframework-quickstart-db.txt
Creating user failed: Password must be a combination of lowercase and uppercase letters and numbers'.</msg>
<status status="FAIL" starttime="20161102 13:49:09.318" endtime="20161102 13:49:09.320"></status>
</kw>
<status status="FAIL" starttime="20161102 13:49:09.168" endtime="20161102 13:49:09.320"></status>
</kw>
<kw name="Clear login database" type="teardown">
<kw library="OperatingSystem" name="Remove File">
<doc>Removes a file with the given path.</doc>
<arguments>
<arg>${DATABASE FILE}</arg>
</arguments>
<msg level="INFO" timestamp="20161102 13:49:09.322" html="yes">Removed file '&lt;a href="file://C:\Users\TRAVIS~1.LAY\AppData\Local\Temp\robotframework-quickstart-db.txt"&gt;C:\Users\TRAVIS~1.LAY\AppData\Local\Temp\robotframework-quickstart-db.txt&lt;/a&gt;'.</msg>
<status status="PASS" starttime="20161102 13:49:09.321" endtime="20161102 13:49:09.322"></status>
</kw>
<status status="PASS" starttime="20161102 13:49:09.321" endtime="20161102 13:49:09.322"></status>
</kw>
<tags>
<tag>example</tag>
<tag>quickstart</tag>
<tag>smoke</tag>
</tags>
<status critical="yes" status="FAIL" starttime="20161102 13:49:08.362" endtime="20161102 13:49:09.323">Several failures occurred:

1) Expected status to be 'Creating user failed: Password must be 7-12 characters long' but was 'C:\Users\TRAVIS~1.LAY\AppData\Local\Temp\robotframework-quickstart-db.txt
Creating user failed: Password must be 7-12 characters long'.

2) Expected status to be 'Creating user failed: Password must be 7-12 characters long' but was 'C:\Users\TRAVIS~1.LAY\AppData\Local\Temp\robotframework-quickstart-db.txt
Creating user failed: Password must be 7-12 characters long'.

3) Expected status to be 'Creating user failed: Password must be a combination of lowercase and uppercase letters and numbers' but was 'C:\Users\TRAVIS~1.LAY\AppData\Local\Temp\robotframework-quickstart-db.txt
Creating user failed: Password must be a combination of lowercase and uppercase letters and numbers'.

4) Expected status to be 'Creating user failed: Password must be a combination of lowercase and uppercase letters and numbers' but was 'C:\Users\TRAVIS~1.LAY\AppData\Local\Temp\robotframework-quickstart-db.txt
Creating user failed: Password must be a combination of lowercase and uppercase letters and numbers'.

5) Expected status to be 'Creating user failed: Password must be a combination of lowercase and uppercase letters and numbers' but was 'C:\Users\TRAVIS~1.LAY\AppData\Local\Temp\robotframework-quickstart-db.txt
Creating user failed: Password must be a combination of lowercase and uppercase letters and numbers'.

6) Expected status to be 'Creating user failed: Password must be a combination of lowercase and uppercase letters and numbers' but was 'C:\Users\TRAVIS~1.LAY\AppData\Local\Temp\robotframework-quickstart-db.txt
Creating user failed: Password must be a combination of lowercase and uppercase letters and numbers'.</status>
</test>
<test name="User status is stored in database" id="s1-t5">
<kw name="Create valid user">
<arguments>
<arg>${USERNAME}</arg>
<arg>${PASSWORD}</arg>
</arguments>
<kw library="LoginLibrary" name="Create User">
<arguments>
<arg>${username}</arg>
<arg>${password}</arg>
</arguments>
<status status="PASS" starttime="20161102 13:49:09.330" endtime="20161102 13:49:09.490"></status>
</kw>
<kw library="LoginLibrary" name="Status Should Be">
<arguments>
<arg>SUCCESS</arg>
</arguments>
<msg level="FAIL" timestamp="20161102 13:49:09.492">Expected status to be 'SUCCESS' but was 'C:\Users\TRAVIS~1.LAY\AppData\Local\Temp\robotframework-quickstart-db.txt
SUCCESS'.</msg>
<status status="FAIL" starttime="20161102 13:49:09.491" endtime="20161102 13:49:09.492"></status>
</kw>
<status status="FAIL" starttime="20161102 13:49:09.329" endtime="20161102 13:49:09.492"></status>
</kw>
<kw name="Clear login database" type="teardown">
<kw library="OperatingSystem" name="Remove File">
<doc>Removes a file with the given path.</doc>
<arguments>
<arg>${DATABASE FILE}</arg>
</arguments>
<msg level="INFO" timestamp="20161102 13:49:09.495" html="yes">Removed file '&lt;a href="file://C:\Users\TRAVIS~1.LAY\AppData\Local\Temp\robotframework-quickstart-db.txt"&gt;C:\Users\TRAVIS~1.LAY\AppData\Local\Temp\robotframework-quickstart-db.txt&lt;/a&gt;'.</msg>
<status status="PASS" starttime="20161102 13:49:09.494" endtime="20161102 13:49:09.495"></status>
</kw>
<status status="PASS" starttime="20161102 13:49:09.493" endtime="20161102 13:49:09.495"></status>
</kw>
<tags>
<tag>database</tag>
<tag>quickstart</tag>
<tag>variables</tag>
</tags>
<status critical="yes" status="FAIL" starttime="20161102 13:49:09.328" endtime="20161102 13:49:09.496">Expected status to be 'SUCCESS' but was 'C:\Users\TRAVIS~1.LAY\AppData\Local\Temp\robotframework-quickstart-db.txt
SUCCESS'.</status>
</test>
<status status="FAIL" starttime="20161102 13:49:07.707" endtime="20161102 13:49:09.498"></status>
</suite>
<statistics>
<total>
<stat pass="0" fail="5">Critical Tests</stat>
<stat pass="0" fail="5">All Tests</stat>
</total>
<tag>
<stat pass="0" fail="1">database</stat>
<stat pass="0" fail="4">example</stat>
<stat pass="0" fail="5">quickstart</stat>
<stat pass="0" fail="4">smoke</stat>
<stat pass="0" fail="1">variables</stat>
</tag>
<suite>
<stat pass="0" id="s1" name="QuickStart" fail="5">QuickStart</stat>
</suite>
</statistics>
<errors>
</errors>
</robot>
